This is pdfTeX, Version 3.141592653-2.6-1.40.26 (TeX Live 2024/nixos.org) (preloaded format=pdflatex 1980.1.1)  3 OCT 2025 10:03
entering extended mode
 restricted \write18 enabled.
 %&-line parsing enabled.
**main.tex
(./main.tex
LaTeX2e <2024-11-01> patch level 2
L3 programming layer <2025-01-18>

(/nix/store/vkz29frpxfha77bbq2mb60k3ylir3f72-texlive-2024-env-texmfdist/tex/lat
ex/bxjscls/bxjsarticle.cls
Document Class: bxjsarticle 2024/07/19 v2.9c BXJS document classes

(/nix/store/vkz29frpxfha77bbq2mb60k3ylir3f72-texlive-2024-env-texmfdist/tex/lat
ex/tools/calc.sty
Package: calc 2023/07/08 v4.3 Infix arithmetic (KKT,FJ)
\calc@Acount=\count196
\calc@Bcount=\count197
\calc@Adimen=\dimen141
\calc@Bdimen=\dimen142
\calc@Askip=\skip49
\calc@Bskip=\skip50
LaTeX Info: Redefining \setlength on input line 80.
LaTeX Info: Redefining \addtolength on input line 81.
\calc@Ccount=\count198
\calc@Cskip=\skip51
)
(/nix/store/vkz29frpxfha77bbq2mb60k3ylir3f72-texlive-2024-env-texmfdist/tex/lat
ex/graphics/keyval.sty
Package: keyval 2022/05/29 v1.15 key=value parser (DPC)
\KV@toks@=\toks17
)
(/nix/store/vkz29frpxfha77bbq2mb60k3ylir3f72-texlive-2024-env-texmfdist/tex/gen
eric/iftex/iftex.sty
Package: iftex 2024/12/12 v1.0g TeX engine tests
)
(/nix/store/vkz29frpxfha77bbq2mb60k3ylir3f72-texlive-2024-env-texmfdist/tex/lat
ex/bxjscls/bxjscompat.sty
Package: bxjscompat 2024/07/19 v2.9c BXJS document classes
)
\jsc@mpt=\dimen143
\jsc@mmm=\dimen144
\jsZw=\dimen145
\jsc@smallskipamount=\skip52
\Cht=\dimen146
\Cdp=\dimen147
\Cwd=\dimen148
\Cvs=\dimen149
\Chs=\dimen150
\fullwidth=\dimen151

(/nix/store/vkz29frpxfha77bbq2mb60k3ylir3f72-texlive-2024-env-texmfdist/tex/lat
ex/geometry/geometry.sty
Package: geometry 2020/01/02 v5.9 Page Geometry

(/nix/store/vkz29frpxfha77bbq2mb60k3ylir3f72-texlive-2024-env-texmfdist/tex/gen
eric/iftex/ifvtex.sty
Package: ifvtex 2019/10/25 v1.7 ifvtex legacy package. Use iftex instead.
)
\Gm@cnth=\count199
\Gm@cntv=\count266
\c@Gm@tempcnt=\count267
\Gm@bindingoffset=\dimen152
\Gm@wd@mp=\dimen153
\Gm@odd@mp=\dimen154
\Gm@even@mp=\dimen155
\Gm@layoutwidth=\dimen156
\Gm@layoutheight=\dimen157
\Gm@layouthoffset=\dimen158
\Gm@layoutvoffset=\dimen159
\Gm@dimlist=\toks18
)
\c@part=\count268
\c@section=\count269
\c@subsection=\count270
\c@subsubsection=\count271
\c@paragraph=\count272
\c@subparagraph=\count273
\@abstractbox=\box52
\c@figure=\count274
\c@table=\count275
\abovecaptionskip=\skip53
\belowcaptionskip=\skip54
\jsc@tocl@width=\dimen160
\@lnumwidth=\dimen161
\bibindent=\dimen162

(/nix/store/vkz29frpxfha77bbq2mb60k3ylir3f72-texlive-2024-env-texmfdist/tex/lat
ex/bxwareki/bxwareki.sty
Package: bxwareki 2023/07/07 v0.7
\c@warekiyear=\count276

(/nix/store/vkz29frpxfha77bbq2mb60k3ylir3f72-texlive-2024-env-texmfdist/tex/lat
ex/bxwareki/bxwareki-cd.def
File: bxwareki-cd.def 2023/07/07 v0.7
))
(/nix/store/vkz29frpxfha77bbq2mb60k3ylir3f72-texlive-2024-env-texmfdist/tex/lat
ex/bxjscls/bxjsja-standard.def
File: bxjsja-standard.def 2024/07/19 v2.9c BXJS document classes

(/nix/store/vkz29frpxfha77bbq2mb60k3ylir3f72-texlive-2024-env-texmfdist/tex/lat
ex/bxjscls/bxjsja-minimal.def
File: bxjsja-minimal.def 2024/07/19 v2.9c BXJS document classes
\everypar=\toks19
)
(/nix/store/vkz29frpxfha77bbq2mb60k3ylir3f72-texlive-2024-env-texmfdist/tex/lat
ex/etoolbox/etoolbox.sty
Package: etoolbox 2025/02/11 v2.5l e-TeX tools for LaTeX (JAW)
\etb@tempcnta=\count277
)
(/nix/store/vkz29frpxfha77bbq2mb60k3ylir3f72-texlive-2024-env-texmfdist/tex/lat
ex/bxcjkjatype/bxcjkjatype.sty
Package: bxcjkjatype 2023/07/23 v0.5
Package bxcjkjatype Info: Driver auto-detected: pdftex on input line 160.

(/nix/store/vkz29frpxfha77bbq2mb60k3ylir3f72-texlive-2024-env-texmfdist/tex/lat
ex/cjk/texinput/CJK.sty
Package: CJK 2021/10/16 4.8.5

(/nix/store/vkz29frpxfha77bbq2mb60k3ylir3f72-texlive-2024-env-texmfdist/tex/lat
ex/cjk/texinput/mule/MULEenc.sty
Package: MULEenc 2021/10/16 4.8.5
)
(/nix/store/vkz29frpxfha77bbq2mb60k3ylir3f72-texlive-2024-env-texmfdist/tex/lat
ex/cjk/texinput/CJK.enc
File: CJK.enc 2021/10/16 4.8.5
Now handling font encoding C00 ...
... no UTF-8 mapping file for font encoding C00
Now handling font encoding C05 ...
... no UTF-8 mapping file for font encoding C05
Now handling font encoding C09 ...
... no UTF-8 mapping file for font encoding C09
Now handling font encoding C10 ...
... no UTF-8 mapping file for font encoding C10
Now handling font encoding C20 ...
... no UTF-8 mapping file for font encoding C20
Now handling font encoding C19 ...
... no UTF-8 mapping file for font encoding C19
Now handling font encoding C40 ...
... no UTF-8 mapping file for font encoding C40
Now handling font encoding C42 ...
... no UTF-8 mapping file for font encoding C42
Now handling font encoding C43 ...
... no UTF-8 mapping file for font encoding C43
Now handling font encoding C50 ...
... no UTF-8 mapping file for font encoding C50
Now handling font encoding C52 ...
... no UTF-8 mapping file for font encoding C52
Now handling font encoding C49 ...
... no UTF-8 mapping file for font encoding C49
Now handling font encoding C60 ...
... no UTF-8 mapping file for font encoding C60
Now handling font encoding C61 ...
... no UTF-8 mapping file for font encoding C61
Now handling font encoding C63 ...
... no UTF-8 mapping file for font encoding C63
Now handling font encoding C64 ...
... no UTF-8 mapping file for font encoding C64
Now handling font encoding C65 ...
... no UTF-8 mapping file for font encoding C65
Now handling font encoding C70 ...
... no UTF-8 mapping file for font encoding C70
Now handling font encoding C31 ...
... no UTF-8 mapping file for font encoding C31
Now handling font encoding C32 ...
... no UTF-8 mapping file for font encoding C32
Now handling font encoding C33 ...
... no UTF-8 mapping file for font encoding C33
Now handling font encoding C34 ...
... no UTF-8 mapping file for font encoding C34
Now handling font encoding C35 ...
... no UTF-8 mapping file for font encoding C35
Now handling font encoding C36 ...
... no UTF-8 mapping file for font encoding C36
Now handling font encoding C37 ...
... no UTF-8 mapping file for font encoding C37
Now handling font encoding C80 ...
... no UTF-8 mapping file for font encoding C80
Now handling font encoding C81 ...
... no UTF-8 mapping file for font encoding C81
Now handling font encoding C01 ...
... no UTF-8 mapping file for font encoding C01
Now handling font encoding C11 ...
... no UTF-8 mapping file for font encoding C11
Now handling font encoding C21 ...
... no UTF-8 mapping file for font encoding C21
Now handling font encoding C41 ...
... no UTF-8 mapping file for font encoding C41
Now handling font encoding C62 ...
... no UTF-8 mapping file for font encoding C62
)
\CJK@indent=\box53
)
(/nix/store/vkz29frpxfha77bbq2mb60k3ylir3f72-texlive-2024-env-texmfdist/tex/lat
ex/cjk/texinput/CJKutf8.sty
Package: CJKutf8 2021/10/16 4.8.5

(/nix/store/vkz29frpxfha77bbq2mb60k3ylir3f72-texlive-2024-env-texmfdist/tex/gen
eric/iftex/ifpdf.sty
Package: ifpdf 2019/10/25 v3.4 ifpdf legacy package. Use iftex instead.
)
(/nix/store/vkz29frpxfha77bbq2mb60k3ylir3f72-texlive-2024-env-texmfdist/tex/lat
ex/base/inputenc.sty
Package: inputenc 2024/02/08 v1.3d Input encoding file
\inpenc@prehook=\toks20
\inpenc@posthook=\toks21
)
(/nix/store/vkz29frpxfha77bbq2mb60k3ylir3f72-texlive-2024-env-texmfdist/tex/lat
ex/base/fontenc.sty
Package: fontenc 2021/04/29 v2.0v Standard LaTeX package
))
(/nix/store/vkz29frpxfha77bbq2mb60k3ylir3f72-texlive-2024-env-texmfdist/tex/lat
ex/cjk/texinput/CJKspace.sty
Package: CJKspace 2021/10/16 3.8.0
)
(/nix/store/vkz29frpxfha77bbq2mb60k3ylir3f72-texlive-2024-env-texmfdist/tex/lat
ex/cjkpunct/CJKpunct.sty
Package: CJKpunct 2016/05/14 4.8.4
\CJKpunct@cnta=\count278
\CJKpunct@cntb=\count279
\CJKpunct@cntc=\count280
\CJKpunct@cntd=\count281
\CJKpunct@cnte=\count282
   defining Unicode char U+2018 (decimal 8216)
   defining Unicode char U+2019 (decimal 8217)
   defining Unicode char U+201C (decimal 8220)
   defining Unicode char U+201D (decimal 8221)
   defining Unicode char U+2014 (decimal 8212)
   defining Unicode char U+2026 (decimal 8230)

(/nix/store/vkz29frpxfha77bbq2mb60k3ylir3f72-texlive-2024-env-texmfdist/tex/lat
ex/cjkpunct/CJKpunct.spa))
(/nix/store/vkz29frpxfha77bbq2mb60k3ylir3f72-texlive-2024-env-texmfdist/tex/lat
ex/cjk/texinput/UTF8/UTF8.bdg
File: UTF8.bdg 2021/10/16 4.8.5
))
\jsKanjiSkip=\skip55
\jsXKanjiSkip=\skip56
))
(/nix/store/vkz29frpxfha77bbq2mb60k3ylir3f72-texlive-2024-env-texmfdist/tex/lat
ex/amsmath/amsmath.sty
Package: amsmath 2024/11/05 v2.17t AMS math features
\@mathmargin=\skip57

For additional information on amsmath, use the `?' option.

(/nix/store/vkz29frpxfha77bbq2mb60k3ylir3f72-texlive-2024-env-texmfdist/tex/lat
ex/amsmath/amstext.sty
Package: amstext 2021/08/26 v2.01 AMS text

(/nix/store/vkz29frpxfha77bbq2mb60k3ylir3f72-texlive-2024-env-texmfdist/tex/lat
ex/amsmath/amsgen.sty
File: amsgen.sty 1999/11/30 v2.0 generic functions
\@emptytoks=\toks22
\ex@=\dimen163
))
(/nix/store/vkz29frpxfha77bbq2mb60k3ylir3f72-texlive-2024-env-texmfdist/tex/lat
ex/amsmath/amsbsy.sty
Package: amsbsy 1999/11/29 v1.2d Bold Symbols
\pmbraise@=\dimen164
)
(/nix/store/vkz29frpxfha77bbq2mb60k3ylir3f72-texlive-2024-env-texmfdist/tex/lat
ex/amsmath/amsopn.sty
Package: amsopn 2022/04/08 v2.04 operator names
)
\inf@bad=\count283
LaTeX Info: Redefining \frac on input line 233.
\uproot@=\count284
\leftroot@=\count285
LaTeX Info: Redefining \overline on input line 398.
LaTeX Info: Redefining \colon on input line 409.
\classnum@=\count286
\DOTSCASE@=\count287
LaTeX Info: Redefining \ldots on input line 495.
LaTeX Info: Redefining \dots on input line 498.
LaTeX Info: Redefining \cdots on input line 619.
\Mathstrutbox@=\box54
\strutbox@=\box55
LaTeX Info: Redefining \big on input line 721.
LaTeX Info: Redefining \Big on input line 722.
LaTeX Info: Redefining \bigg on input line 723.
LaTeX Info: Redefining \Bigg on input line 724.
\big@size=\dimen165
LaTeX Font Info:    Redeclaring font encoding OML on input line 742.
LaTeX Font Info:    Redeclaring font encoding OMS on input line 743.
\macc@depth=\count288
LaTeX Info: Redefining \bmod on input line 904.
LaTeX Info: Redefining \pmod on input line 909.
LaTeX Info: Redefining \smash on input line 939.
LaTeX Info: Redefining \relbar on input line 969.
LaTeX Info: Redefining \Relbar on input line 970.
\c@MaxMatrixCols=\count289
\dotsspace@=\muskip17
\c@parentequation=\count290
\dspbrk@lvl=\count291
\tag@help=\toks23
\row@=\count292
\column@=\count293
\maxfields@=\count294
\andhelp@=\toks24
\eqnshift@=\dimen166
\alignsep@=\dimen167
\tagshift@=\dimen168
\tagwidth@=\dimen169
\totwidth@=\dimen170
\lineht@=\dimen171
\@envbody=\toks25
\multlinegap=\skip58
\multlinetaggap=\skip59
\mathdisplay@stack=\toks26
LaTeX Info: Redefining \[ on input line 2953.
LaTeX Info: Redefining \] on input line 2954.
)
(/nix/store/vkz29frpxfha77bbq2mb60k3ylir3f72-texlive-2024-env-texmfdist/tex/lat
ex/amsfonts/amssymb.sty
Package: amssymb 2013/01/14 v3.01 AMS font symbols

(/nix/store/vkz29frpxfha77bbq2mb60k3ylir3f72-texlive-2024-env-texmfdist/tex/lat
ex/amsfonts/amsfonts.sty
Package: amsfonts 2013/01/14 v3.01 Basic AMSFonts support
\symAMSa=\mathgroup4
\symAMSb=\mathgroup5
LaTeX Font Info:    Redeclaring math symbol \hbar on input line 98.
LaTeX Font Info:    Overwriting math alphabet `\mathfrak' in version `bold'
(Font)                  U/euf/m/n --> U/euf/b/n on input line 106.
))
(/nix/store/vkz29frpxfha77bbq2mb60k3ylir3f72-texlive-2024-env-texmfdist/tex/lat
ex/amscls/amsthm.sty
Package: amsthm 2020/05/29 v2.20.6
\thm@style=\toks27
\thm@bodyfont=\toks28
\thm@headfont=\toks29
\thm@notefont=\toks30
\thm@headpunct=\toks31
\thm@preskip=\skip60
\thm@postskip=\skip61
\thm@headsep=\skip62
\dth@everypar=\toks32
)
(/nix/store/vkz29frpxfha77bbq2mb60k3ylir3f72-texlive-2024-env-texmfdist/tex/gen
eric/xypic/xy.sty
(/nix/store/vkz29frpxfha77bbq2mb60k3ylir3f72-texlive-2024-env-texmfdist/tex/gen
eric/xypic/xy.tex Bootstrap'ing: catcodes, docmode,
(/nix/store/vkz29frpxfha77bbq2mb60k3ylir3f72-texlive-2024-env-texmfdist/tex/gen
eric/xypic/xyrecat.tex)
(/nix/store/vkz29frpxfha77bbq2mb60k3ylir3f72-texlive-2024-env-texmfdist/tex/gen
eric/xypic/xyidioms.tex)

 Xy-pic version 3.8.9 <2013/10/06>
 Copyright (c) 1991-2013 by Kristoffer H. Rose <krisrose@tug.org> and others
 Xy-pic is free software: see the User's Guide for details.

Loading kernel: messages; fonts; allocations: state,
\X@c=\dimen172
\Y@c=\dimen173
\U@c=\dimen174
\D@c=\dimen175
\L@c=\dimen176
\R@c=\dimen177
\Edge@c=\toks33
\X@p=\dimen178
\Y@p=\dimen179
\U@p=\dimen180
\D@p=\dimen181
\L@p=\dimen182
\R@p=\dimen183
\Edge@p=\toks34
\X@origin=\dimen184
\Y@origin=\dimen185
\X@xbase=\dimen186
\Y@xbase=\dimen187
\X@ybase=\dimen188
\Y@ybase=\dimen189
\X@min=\dimen190
\Y@min=\dimen191
\X@max=\dimen192
\Y@max=\dimen193
\lastobjectbox@=\box56
\zerodotbox@=\box57
\almostz@=\dimen194
 direction,
\d@X=\dimen195
\d@Y=\dimen196
\K@=\count295
\KK@=\count296
\Direction=\count297
\K@dXdY=\dimen197
\K@dYdX=\dimen198
\xyread@=\read2
\xywrite@=\write3
\csp@=\count298
\quotPTK@=\dimen199

utility macros; pictures: \xy, positions,
\swaptoks@@=\toks35
\connectobjectbox@@=\box58
 objects,
\styletoks@=\toks36
 decorations;
kernel objects: directionals, circles, text; options; algorithms: directions,
edges, connections;  Xy-pic loaded)
Package: xy 2013/10/06 Xy-pic version 3.8.9

(/nix/store/vkz29frpxfha77bbq2mb60k3ylir3f72-texlive-2024-env-texmfdist/tex/gen
eric/xypic/xyall.tex  Xy-pic option: All features v.3.8
(/nix/store/vkz29frpxfha77bbq2mb60k3ylir3f72-texlive-2024-env-texmfdist/tex/gen
eric/xypic/xycurve.tex  Xy-pic option: Curve and Spline extension v.3.12
curve,
\crv@cnt@=\count299
\crvpts@=\toks37
\splinebox@=\box59
\splineval@=\dimen256
\splinedepth@=\dimen257
\splinetol@=\dimen258
\splinelength@=\dimen259
 circles,
\L@=\dimen260
 loaded)
(/nix/store/vkz29frpxfha77bbq2mb60k3ylir3f72-texlive-2024-env-texmfdist/tex/gen
eric/xypic/xyframe.tex  Xy-pic option: Frame and Bracket extension v.3.14
loaded)
(/nix/store/vkz29frpxfha77bbq2mb60k3ylir3f72-texlive-2024-env-texmfdist/tex/gen
eric/xypic/xycmtip.tex  Xy-pic option: Computer Modern tip extension v.3.7
(/nix/store/vkz29frpxfha77bbq2mb60k3ylir3f72-texlive-2024-env-texmfdist/tex/gen
eric/xypic/xytips.tex  Xy-pic option: More Tips extension v.3.11 loaded)
loaded)
(/nix/store/vkz29frpxfha77bbq2mb60k3ylir3f72-texlive-2024-env-texmfdist/tex/gen
eric/xypic/xyline.tex  Xy-pic option: Line styles extension v.3.10
\xylinethick@=\dimen261
 loaded)
(/nix/store/vkz29frpxfha77bbq2mb60k3ylir3f72-texlive-2024-env-texmfdist/tex/gen
eric/xypic/xyrotate.tex  Xy-pic option: Rotate and Scale extension v.3.8
loaded)
(/nix/store/vkz29frpxfha77bbq2mb60k3ylir3f72-texlive-2024-env-texmfdist/tex/gen
eric/xypic/xycolor.tex  Xy-pic option: Colour extension v.3.11 loaded)
(/nix/store/vkz29frpxfha77bbq2mb60k3ylir3f72-texlive-2024-env-texmfdist/tex/gen
eric/xypic/xymatrix.tex  Xy-pic option: Matrix feature v.3.14
\Row=\count300
\Col=\count301
\queue@=\toks38
\queue@@=\toks39
\qcount@=\count302
\qcount@@=\count303
\matrixsize@=\count304
 loaded)
(/nix/store/vkz29frpxfha77bbq2mb60k3ylir3f72-texlive-2024-env-texmfdist/tex/gen
eric/xypic/xyarrow.tex  Xy-pic option: Arrow and Path feature v.3.9 path, \ar,
loaded)
(/nix/store/vkz29frpxfha77bbq2mb60k3ylir3f72-texlive-2024-env-texmfdist/tex/gen
eric/xypic/xygraph.tex  Xy-pic option: Graph feature v.3.11 loaded) loaded)
(/nix/store/vkz29frpxfha77bbq2mb60k3ylir3f72-texlive-2024-env-texmfdist/tex/gen
eric/xypic/xypdf.tex  Xy-pic option: PDF driver v.1.7
Xy-pic pdf driver: `color' extension support
(/nix/store/vkz29frpxfha77bbq2mb60k3ylir3f72-texlive-2024-env-texmfdist/tex/gen
eric/xypic/xypdf-co.tex loaded) Xy-pic pdf driver: `curve' extension support
(/nix/store/vkz29frpxfha77bbq2mb60k3ylir3f72-texlive-2024-env-texmfdist/tex/gen
eric/xypic/xypdf-cu.tex loaded) Xy-pic pdf driver: `frame' extension support
(/nix/store/vkz29frpxfha77bbq2mb60k3ylir3f72-texlive-2024-env-texmfdist/tex/gen
eric/xypic/xypdf-fr.tex loaded) Xy-pic pdf driver: `line' extension support
(/nix/store/vkz29frpxfha77bbq2mb60k3ylir3f72-texlive-2024-env-texmfdist/tex/gen
eric/xypic/xypdf-li.tex loaded) Xy-pic pdf driver: `rotate' extension support
(/nix/store/vkz29frpxfha77bbq2mb60k3ylir3f72-texlive-2024-env-texmfdist/tex/gen
eric/xypic/xypdf-ro.tex loaded) loaded))
(/nix/store/vkz29frpxfha77bbq2mb60k3ylir3f72-texlive-2024-env-texmfdist/tex/lat
ex/mathtools/mathtools.sty
Package: mathtools 2024/10/04 v1.31 mathematical typesetting tools

(/nix/store/vkz29frpxfha77bbq2mb60k3ylir3f72-texlive-2024-env-texmfdist/tex/lat
ex/mathtools/mhsetup.sty
Package: mhsetup 2021/03/18 v1.4 programming setup (MH)
)
\g_MT_multlinerow_int=\count305
\l_MT_multwidth_dim=\dimen262
\origjot=\skip63
\l_MT_shortvdotswithinadjustabove_dim=\dimen263
\l_MT_shortvdotswithinadjustbelow_dim=\dimen264
\l_MT_above_intertext_sep=\dimen265
\l_MT_below_intertext_sep=\dimen266
\l_MT_above_shortintertext_sep=\dimen267
\l_MT_below_shortintertext_sep=\dimen268
\xmathstrut@box=\box60
\xmathstrut@dim=\dimen269
)
(/nix/store/vkz29frpxfha77bbq2mb60k3ylir3f72-texlive-2024-env-texmfdist/tex/lat
ex/l3backend/l3backend-pdftex.def
File: l3backend-pdftex.def 2024-05-08 L3 backend support: PDF output (pdfTeX)
\l__color_backend_stack_int=\count306
\l__pdf_internal_box=\box61
) (./main.aux)
\openout1 = `main.aux'.

LaTeX Font Info:    Checking defaults for OML/cmm/m/it on input line 9.
LaTeX Font Info:    ... okay on input line 9.
LaTeX Font Info:    Checking defaults for OMS/cmsy/m/n on input line 9.
LaTeX Font Info:    ... okay on input line 9.
LaTeX Font Info:    Checking defaults for OT1/cmr/m/n on input line 9.
LaTeX Font Info:    ... okay on input line 9.
LaTeX Font Info:    Checking defaults for T1/cmr/m/n on input line 9.
LaTeX Font Info:    ... okay on input line 9.
LaTeX Font Info:    Checking defaults for TS1/cmr/m/n on input line 9.
LaTeX Font Info:    ... okay on input line 9.
LaTeX Font Info:    Checking defaults for OMX/cmex/m/n on input line 9.
LaTeX Font Info:    ... okay on input line 9.
LaTeX Font Info:    Checking defaults for U/cmr/m/n on input line 9.
LaTeX Font Info:    ... okay on input line 9.
LaTeX Font Info:    Checking defaults for C00/song/m/n on input line 9.
LaTeX Font Info:    ... okay on input line 9.
LaTeX Font Info:    Checking defaults for C05/song/m/n on input line 9.
LaTeX Font Info:    ... okay on input line 9.
LaTeX Font Info:    Checking defaults for C09/song/m/n on input line 9.
LaTeX Font Info:    ... okay on input line 9.
LaTeX Font Info:    Checking defaults for C10/song/m/n on input line 9.
LaTeX Font Info:    ... okay on input line 9.
LaTeX Font Info:    Checking defaults for C20/song/m/n on input line 9.
LaTeX Font Info:    ... okay on input line 9.
LaTeX Font Info:    Checking defaults for C19/song/m/n on input line 9.
LaTeX Font Info:    ... okay on input line 9.
LaTeX Font Info:    Checking defaults for C40/song/m/n on input line 9.
LaTeX Font Info:    ... okay on input line 9.
LaTeX Font Info:    Checking defaults for C42/song/m/n on input line 9.
LaTeX Font Info:    ... okay on input line 9.
LaTeX Font Info:    Checking defaults for C43/song/m/n on input line 9.
LaTeX Font Info:    ... okay on input line 9.
LaTeX Font Info:    Checking defaults for C50/song/m/n on input line 9.
LaTeX Font Info:    ... okay on input line 9.
LaTeX Font Info:    Checking defaults for C52/song/m/n on input line 9.
LaTeX Font Info:    ... okay on input line 9.
LaTeX Font Info:    Checking defaults for C49/song/m/n on input line 9.
LaTeX Font Info:    ... okay on input line 9.
LaTeX Font Info:    Checking defaults for C60/mj/m/n on input line 9.
LaTeX Font Info:    ... okay on input line 9.
LaTeX Font Info:    Checking defaults for C61/mj/m/n on input line 9.
LaTeX Font Info:    ... okay on input line 9.
LaTeX Font Info:    Checking defaults for C63/mj/m/n on input line 9.
LaTeX Font Info:    ... okay on input line 9.
LaTeX Font Info:    Checking defaults for C64/mj/m/n on input line 9.
LaTeX Font Info:    ... okay on input line 9.
LaTeX Font Info:    Checking defaults for C65/mj/m/n on input line 9.
LaTeX Font Info:    ... okay on input line 9.
LaTeX Font Info:    Checking defaults for C70/song/m/n on input line 9.
LaTeX Font Info:    ... okay on input line 9.
LaTeX Font Info:    Checking defaults for C31/song/m/n on input line 9.
LaTeX Font Info:    ... okay on input line 9.
LaTeX Font Info:    Checking defaults for C32/song/m/n on input line 9.
LaTeX Font Info:    ... okay on input line 9.
LaTeX Font Info:    Checking defaults for C33/song/m/n on input line 9.
LaTeX Font Info:    ... okay on input line 9.
LaTeX Font Info:    Checking defaults for C34/song/m/n on input line 9.
LaTeX Font Info:    ... okay on input line 9.
LaTeX Font Info:    Checking defaults for C35/song/m/n on input line 9.
LaTeX Font Info:    ... okay on input line 9.
LaTeX Font Info:    Checking defaults for C36/song/m/n on input line 9.
LaTeX Font Info:    ... okay on input line 9.
LaTeX Font Info:    Checking defaults for C37/song/m/n on input line 9.
LaTeX Font Info:    ... okay on input line 9.
LaTeX Font Info:    Checking defaults for C80/song/m/n on input line 9.
LaTeX Font Info:    ... okay on input line 9.
LaTeX Font Info:    Checking defaults for C81/song/m/n on input line 9.
LaTeX Font Info:    ... okay on input line 9.
LaTeX Font Info:    Checking defaults for C01/song/m/n on input line 9.
LaTeX Font Info:    ... okay on input line 9.
LaTeX Font Info:    Checking defaults for C11/song/m/n on input line 9.
LaTeX Font Info:    ... okay on input line 9.
LaTeX Font Info:    Checking defaults for C21/song/m/n on input line 9.
LaTeX Font Info:    ... okay on input line 9.
LaTeX Font Info:    Checking defaults for C41/song/m/n on input line 9.
LaTeX Font Info:    ... okay on input line 9.
LaTeX Font Info:    Checking defaults for C62/song/m/n on input line 9.
LaTeX Font Info:    ... okay on input line 9.

*geometry* driver: auto-detecting
*geometry* detected driver: pdftex
*geometry* verbose mode - [ preamble ] result:
* driver: pdftex
* paper: a4paper
* layout: <same size as paper>
* layoutoffset:(h,v)=(0.0pt,0.0pt)
* hratio: 1:1
* vratio: 1:1
* modes: includehead includefoot truedimen 
* h-part:(L,W,R)=(71.70259pt, 454.10269pt, 71.70259pt)
* v-part:(T,H,B)=(71.8282pt, 701.39043pt, 71.82822pt)
* \paperwidth=597.50787pt
* \paperheight=845.04684pt
* \textwidth=453.10944pt
* \textheight=634.0pt
* \oddsidemargin=-0.07077pt
* \evensidemargin=-0.07077pt
* \topmargin=-5.2045pt
* \headheight=20.0pt
* \headsep=18.45792pt
* \topskip=10.0pt
* \footskip=28.45792pt
* \marginparwidth=18.49426pt
* \marginparsep=18.49426pt
* \columnsep=18.49426pt
* \skip\footins=16.0pt plus 5.0pt minus 2.0pt
* \hoffset=0.0pt
* \voffset=0.0pt
* \mag=1000
* \@twocolumnfalse
* \@twosidefalse
* \@mparswitchfalse
* \@reversemarginfalse
* (1in=72.27pt=25.4mm, 1cm=28.453pt)


(/nix/store/vkz29frpxfha77bbq2mb60k3ylir3f72-texlive-2024-env-texmfdist/tex/lat
ex/cjk/texinput/UTF8/UTF8.enc
File: UTF8.enc 2021/10/16 4.8.5
)
(/nix/store/vkz29frpxfha77bbq2mb60k3ylir3f72-texlive-2024-env-texmfdist/tex/lat
ex/cjk/texinput/UTF8/UTF8.chr
File: UTF8.chr 2021/10/16 4.8.5
)
LaTeX Font Info:    Trying to load font information for U+msa on input line 9.

(/nix/store/vkz29frpxfha77bbq2mb60k3ylir3f72-texlive-2024-env-texmfdist/tex/lat
ex/amsfonts/umsa.fd
File: umsa.fd 2013/01/14 v3.01 AMS symbols A
)
LaTeX Font Info:    Trying to load font information for U+msb on input line 9.

(/nix/store/vkz29frpxfha77bbq2mb60k3ylir3f72-texlive-2024-env-texmfdist/tex/lat
ex/amsfonts/umsb.fd
File: umsb.fd 2013/01/14 v3.01 AMS symbols B
)
Package xypdf Info: Line width: 0.39998pt on input line 9.

(/nix/store/vkz29frpxfha77bbq2mb60k3ylir3f72-texlive-2024-env-texmfdist/tex/lat
ex/graphics/graphicx.sty
Package: graphicx 2021/09/16 v1.2d Enhanced LaTeX Graphics (DPC,SPQR)

(/nix/store/vkz29frpxfha77bbq2mb60k3ylir3f72-texlive-2024-env-texmfdist/tex/lat
ex/graphics/graphics.sty
Package: graphics 2024/08/06 v1.4g Standard LaTeX Graphics (DPC,SPQR)

(/nix/store/vkz29frpxfha77bbq2mb60k3ylir3f72-texlive-2024-env-texmfdist/tex/lat
ex/graphics/trig.sty
Package: trig 2023/12/02 v1.11 sin cos tan (DPC)
)
(/nix/store/vkz29frpxfha77bbq2mb60k3ylir3f72-texlive-2024-env-texmfdist/tex/lat
ex/graphics-cfg/graphics.cfg
File: graphics.cfg 2016/06/04 v1.11 sample graphics configuration
)
Package graphics Info: Driver file: pdftex.def on input line 106.

(/nix/store/vkz29frpxfha77bbq2mb60k3ylir3f72-texlive-2024-env-texmfdist/tex/lat
ex/graphics-def/pdftex.def
File: pdftex.def 2024/04/13 v1.2c Graphics/color driver for pdftex

(/nix/store/vkz29frpxfha77bbq2mb60k3ylir3f72-texlive-2024-env-texmfdist/tex/con
text/base/mkii/supp-pdf.mkii
[Loading MPS to PDF converter (version 2006.09.02).]
\scratchcounter=\count307
\scratchdimen=\dimen270
\scratchbox=\box62
\nofMPsegments=\count308
\nofMParguments=\count309
\everyMPshowfont=\toks40
\MPscratchCnt=\count310
\MPscratchDim=\dimen271
\MPnumerator=\count311
\makeMPintoPDFobject=\count312
\everyMPtoPDFconversion=\toks41
)))
(/nix/store/vkz29frpxfha77bbq2mb60k3ylir3f72-texlive-2024-env-texmfdist/tex/lat
ex/epstopdf-pkg/epstopdf-base.sty
Package: epstopdf-base 2020-01-24 v2.11 Base part for package epstopdf
Package epstopdf-base Info: Redefining graphics rule for `.eps' on input line 4
85.

(/nix/store/vkz29frpxfha77bbq2mb60k3ylir3f72-texlive-2024-env-texmfdist/tex/lat
ex/latexconfig/epstopdf-sys.cfg
File: epstopdf-sys.cfg 2010/07/13 v1.3 Configuration of (r)epstopdf for TeX Liv
e
))
\Gin@req@height=\dimen272
\Gin@req@width=\dimen273
)
LaTeX Font Info:    Font shape `C70/gt/m/n' will be
(Font)              scaled to size 13.31586pt on input line 10.
LaTeX Font Info:    Font shape `C70/gt/m/n' will be
(Font)              scaled to size 13.31586pt on input line 10.
LaTeX Font Info:    Font shape `C70/mc/m/n' will be
(Font)              scaled to size 9.24713pt on input line 11.
Package CJKpunct Info: punctuation spaces for family 'mc' do not exist. Use fam
ily 'def' instead. on input line 11.
LaTeX Font Info:    Font shape `C70/mc/m/n' will be
(Font)              scaled to size 9.24713pt on input line 11.
LaTeX Font Info:    Font shape `C70/mc/m/n' will be
(Font)              scaled to size 9.24713pt on input line 11.
LaTeX Font Info:    Font shape `C70/mc/m/n' will be
(Font)              scaled to size 9.24713pt on input line 11.
LaTeX Font Info:    Font shape `C70/mc/m/n' will be
(Font)              scaled to size 9.24713pt on input line 11.
LaTeX Font Info:    Font shape `C70/mc/m/n' will be
(Font)              scaled to size 9.24713pt on input line 11.
LaTeX Font Info:    Font shape `C70/mc/m/n' will be
(Font)              scaled to size 9.24713pt on input line 11.
LaTeX Font Info:    Font shape `C70/mc/m/n' will be
(Font)              scaled to size 9.24713pt on input line 11.
LaTeX Font Info:    Font shape `C70/mc/m/n' will be
(Font)              scaled to size 9.24713pt on input line 11.
LaTeX Font Info:    Font shape `C70/mc/m/n' will be
(Font)              scaled to size 9.24713pt on input line 11.
LaTeX Font Info:    Font shape `C70/mc/m/n' will be
(Font)              scaled to size 9.24713pt on input line 11.
LaTeX Font Info:    Font shape `C70/mc/m/n' will be
(Font)              scaled to size 9.24713pt on input line 12.
LaTeX Font Info:    Font shape `C70/mc/m/n' will be
(Font)              scaled to size 9.24713pt on input line 12.
LaTeX Font Info:    Font shape `C70/mc/m/n' will be
(Font)              scaled to size 9.24713pt on input line 12.
LaTeX Font Info:    Font shape `C70/mc/m/n' will be
(Font)              scaled to size 9.24713pt on input line 13.
LaTeX Font Info:    Font shape `C70/mc/m/n' will be
(Font)              scaled to size 9.24713pt on input line 13.
LaTeX Font Info:    Font shape `C70/mc/m/n' will be
(Font)              scaled to size 9.24713pt on input line 13.
LaTeX Font Info:    Font shape `C70/mc/m/n' will be
(Font)              scaled to size 9.24713pt on input line 13.
LaTeX Font Info:    Font shape `C70/mc/m/n' will be
(Font)              scaled to size 9.24713pt on input line 13.
LaTeX Font Info:    Font shape `C70/mc/m/n' will be
(Font)              scaled to size 9.24713pt on input line 13.
LaTeX Font Info:    Font shape `C70/mc/m/n' will be
(Font)              scaled to size 9.24713pt on input line 14.
LaTeX Font Info:    Font shape `C70/mc/m/n' will be
(Font)              scaled to size 9.24713pt on input line 14.
LaTeX Font Info:    Font shape `C70/mc/m/n' will be
(Font)              scaled to size 9.24713pt on input line 14.
LaTeX Font Info:    Font shape `C70/mc/m/n' will be
(Font)              scaled to size 9.24713pt on input line 15.
LaTeX Font Info:    Font shape `C70/mc/m/n' will be
(Font)              scaled to size 9.24713pt on input line 15.
LaTeX Font Info:    Font shape `C70/mc/m/n' will be
(Font)              scaled to size 9.24713pt on input line 15.
LaTeX Font Info:    Font shape `C70/mc/m/n' will be
(Font)              scaled to size 9.24713pt on input line 15.
LaTeX Font Info:    Font shape `C70/mc/m/n' will be
(Font)              scaled to size 9.24713pt on input line 16.
LaTeX Font Info:    Font shape `C70/mc/m/n' will be
(Font)              scaled to size 9.24713pt on input line 16.
LaTeX Font Info:    Font shape `C70/mc/m/n' will be
(Font)              scaled to size 9.24713pt on input line 18.
LaTeX Font Info:    Font shape `C70/mc/m/n' will be
(Font)              scaled to size 9.24713pt on input line 18.
LaTeX Font Info:    Font shape `C70/mc/m/n' will be
(Font)              scaled to size 9.24713pt on input line 18.
LaTeX Font Info:    Font shape `C70/mc/m/n' will be
(Font)              scaled to size 9.24713pt on input line 19.
LaTeX Font Info:    Font shape `C70/mc/m/n' will be
(Font)              scaled to size 9.24713pt on input line 19.
LaTeX Font Info:    Font shape `C70/mc/m/n' will be
(Font)              scaled to size 9.24713pt on input line 19.
LaTeX Font Info:    Font shape `C70/mc/m/n' will be
(Font)              scaled to size 9.24713pt on input line 19.
LaTeX Font Info:    Font shape `C70/mc/m/n' will be
(Font)              scaled to size 9.24713pt on input line 22.
LaTeX Font Info:    Font shape `C70/mc/m/n' will be
(Font)              scaled to size 9.24713pt on input line 23.
 <xymatrix 4x4 466> <xymatrix 4x4 554>
LaTeX Font Info:    Font shape `C70/mc/m/n' will be
(Font)              scaled to size 9.24713pt on input line 43.
LaTeX Font Info:    Font shape `C70/mc/m/n' will be
(Font)              scaled to size 9.24713pt on input line 44.
LaTeX Font Info:    Font shape `C70/mc/m/n' will be
(Font)              scaled to size 9.24713pt on input line 45.


[1

{/nix/store/grky1hjxssc6b7qf2sx6l5xnrl343rn4-texlive-2024-env/share/texmf-var/f
onts/map/pdftex/updmap/pdftex.map}{/nix/store/vkz29frpxfha77bbq2mb60k3ylir3f72-
texlive-2024-env-texmfdist/fonts/enc/dvips/ipaex-type1/ipxt1-u55.enc}{/nix/stor
e/vkz29frpxfha77bbq2mb60k3ylir3f72-texlive-2024-env-texmfdist/fonts/enc/dvips/i
paex-type1/ipxt1-u98.enc}{/nix/store/vkz29frpxfha77bbq2mb60k3ylir3f72-texlive-2
024-env-texmfdist/fonts/enc/dvips/ipaex-type1/ipxt1-u30.enc}{/nix/store/vkz29fr
pxfha77bbq2mb60k3ylir3f72-texlive-2024-env-texmfdist/fonts/enc/dvips/ipaex-type
1/ipxt1-u65.enc}{/nix/store/vkz29frpxfha77bbq2mb60k3ylir3f72-texlive-2024-env-t
exmfdist/fonts/enc/dvips/ipaex-type1/ipxt1-uff.enc}{/nix/store/vkz29frpxfha77bb
q2mb60k3ylir3f72-texlive-2024-env-texmfdist/fonts/enc/dvips/ipaex-type1/ipxt1-u
54.enc}{/nix/store/vkz29frpxfha77bbq2mb60k3ylir3f72-texlive-2024-env-texmfdist/
fonts/enc/dvips/ipaex-type1/ipxt1-u7a.enc}{/nix/store/vkz29frpxfha77bbq2mb60k3y
lir3f72-texlive-2024-env-texmfdist/fonts/enc/dvips/ipaex-type1/ipxt1-u4f.enc}{/
nix/store/vkz29frpxfha77bbq2mb60k3ylir3f72-texlive-2024-env-texmfdist/fonts/enc
/dvips/ipaex-type1/ipxt1-u57.enc}{/nix/store/vkz29frpxfha77bbq2mb60k3ylir3f72-t
exlive-2024-env-texmfdist/fonts/enc/dvips/ipaex-type1/ipxt1-u96.enc}{/nix/store
/vkz29frpxfha77bbq2mb60k3ylir3f72-texlive-2024-env-texmfdist/fonts/enc/dvips/ip
aex-type1/ipxt1-u95.enc}{/nix/store/vkz29frpxfha77bbq2mb60k3ylir3f72-texlive-20
24-env-texmfdist/fonts/enc/dvips/ipaex-type1/ipxt1-u50.enc}{/nix/store/vkz29frp
xfha77bbq2mb60k3ylir3f72-texlive-2024-env-texmfdist/fonts/enc/dvips/ipaex-type1
/ipxt1-u4e.enc}{/nix/store/vkz29frpxfha77bbq2mb60k3ylir3f72-texlive-2024-env-te
xmfdist/fonts/enc/dvips/ipaex-type1/ipxt1-u51.enc}{/nix/store/vkz29frpxfha77bbq
2mb60k3ylir3f72-texlive-2024-env-texmfdist/fonts/enc/dvips/ipaex-type1/ipxt1-u5
9.enc}{/nix/store/vkz29frpxfha77bbq2mb60k3ylir3f72-texlive-2024-env-texmfdist/f
onts/enc/dvips/ipaex-type1/ipxt1-u97.enc}{/nix/store/vkz29frpxfha77bbq2mb60k3yl
ir3f72-texlive-2024-env-texmfdist/fonts/enc/dvips/ipaex-type1/ipxt1-u8a.enc}{/n
ix/store/vkz29frpxfha77bbq2mb60k3ylir3f72-texlive-2024-env-texmfdist/fonts/enc/
dvips/ipaex-type1/ipxt1-u5c.enc}{/nix/store/vkz29frpxfha77bbq2mb60k3ylir3f72-te
xlive-2024-env-texmfdist/fonts/enc/dvips/ipaex-type1/ipxt1-u6b.enc}{/nix/store/
vkz29frpxfha77bbq2mb60k3ylir3f72-texlive-2024-env-texmfdist/fonts/enc/dvips/ipa
ex-type1/ipxt1-u5f.enc}{/nix/store/vkz29frpxfha77bbq2mb60k3ylir3f72-texlive-202
4-env-texmfdist/fonts/enc/dvips/ipaex-type1/ipxt1-u89.enc}{/nix/store/vkz29frpx
fha77bbq2mb60k3ylir3f72-texlive-2024-env-texmfdist/fonts/enc/dvips/ipaex-type1/
ipxt1-u73.enc}{/nix/store/vkz29frpxfha77bbq2mb60k3ylir3f72-texlive-2024-env-tex
mfdist/fonts/enc/dvips/ipaex-type1/ipxt1-u72.enc}{/nix/store/vkz29frpxfha77bbq2
mb60k3ylir3f72-texlive-2024-env-texmfdist/fonts/enc/dvips/ipaex-type1/ipxt1-u61
.enc}{/nix/store/vkz29frpxfha77bbq2mb60k3ylir3f72-texlive-2024-env-texmfdist/fo
nts/enc/dvips/ipaex-type1/ipxt1-u62.enc}{/nix/store/vkz29frpxfha77bbq2mb60k3yli
r3f72-texlive-2024-env-texmfdist/fonts/enc/dvips/ipaex-type1/ipxt1-u53.enc}{/ni
x/store/vkz29frpxfha77bbq2mb60k3ylir3f72-texlive-2024-env-texmfdist/fonts/enc/d
vips/ipaex-type1/ipxt1-u5b.enc}{/nix/store/vkz29frpxfha77bbq2mb60k3ylir3f72-tex
live-2024-env-texmfdist/fonts/enc/dvips/ipaex-type1/ipxt1-u7d.enc}{/nix/store/v
kz29frpxfha77bbq2mb60k3ylir3f72-texlive-2024-env-texmfdist/fonts/enc/dvips/ipae
x-type1/ipxt1-u76.enc}{/nix/store/vkz29frpxfha77bbq2mb60k3ylir3f72-texlive-2024
-env-texmfdist/fonts/enc/dvips/ipaex-type1/ipxt1-u66.enc}{/nix/store/vkz29frpxf
ha77bbq2mb60k3ylir3f72-texlive-2024-env-texmfdist/fonts/enc/dvips/ipaex-type1/i
pxt1-u8e.enc}{/nix/store/vkz29frpxfha77bbq2mb60k3ylir3f72-texlive-2024-env-texm
fdist/fonts/enc/dvips/ipaex-type1/ipxt1-u64.enc}{/nix/store/vkz29frpxfha77bbq2m
b60k3ylir3f72-texlive-2024-env-texmfdist/fonts/enc/dvips/ipaex-type1/ipxt1-u7e.
enc}{/nix/store/vkz29frpxfha77bbq2mb60k3ylir3f72-texlive-2024-env-texmfdist/fon
ts/enc/dvips/ipaex-type1/ipxt1-u8f.enc}{/nix/store/vkz29frpxfha77bbq2mb60k3ylir
3f72-texlive-2024-env-texmfdist/fonts/enc/dvips/ipaex-type1/ipxt1-u52.enc}{/nix
/store/vkz29frpxfha77bbq2mb60k3ylir3f72-texlive-2024-env-texmfdist/fonts/enc/dv
ips/ipaex-type1/ipxt1-u67.enc}{/nix/store/vkz29frpxfha77bbq2mb60k3ylir3f72-texl
ive-2024-env-texmfdist/fonts/enc/dvips/ipaex-type1/ipxt1-u7c.enc}{/nix/store/vk
z29frpxfha77bbq2mb60k3ylir3f72-texlive-2024-env-texmfdist/fonts/enc/dvips/ipaex
-type1/ipxt1-u6f.enc}{/nix/store/vkz29frpxfha77bbq2mb60k3ylir3f72-texlive-2024-
env-texmfdist/fonts/enc/dvips/ipaex-type1/ipxt1-u80.enc}{/nix/store/vkz29frpxfh
a77bbq2mb60k3ylir3f72-texlive-2024-env-texmfdist/fonts/enc/dvips/ipaex-type1/ip
xt1-u70.enc}{/nix/store/vkz29frpxfha77bbq2mb60k3ylir3f72-texlive-2024-env-texmf
dist/fonts/enc/dvips/ipaex-type1/ipxt1-u56.enc}{/nix/store/vkz29frpxfha77bbq2mb
60k3ylir3f72-texlive-2024-env-texmfdist/fonts/enc/dvips/ipaex-type1/ipxt1-u63.e
nc}{/nix/store/vkz29frpxfha77bbq2mb60k3ylir3f72-texlive-2024-env-texmfdist/font
s/enc/dvips/ipaex-type1/ipxt1-u6e.enc}]
LaTeX Font Info:    Font shape `C70/mc/m/n' will be
(Font)              scaled to size 9.24713pt on input line 63.
LaTeX Font Info:    Font shape `C70/mc/m/n' will be
(Font)              scaled to size 9.24713pt on input line 64.
LaTeX Font Info:    Font shape `C70/mc/m/n' will be
(Font)              scaled to size 9.24713pt on input line 64.
LaTeX Font Info:    Font shape `C70/mc/m/n' will be
(Font)              scaled to size 9.24713pt on input line 65.
LaTeX Font Info:    Font shape `C70/mc/m/n' will be
(Font)              scaled to size 9.24713pt on input line 65.
LaTeX Font Info:    Font shape `C70/mc/m/n' will be
(Font)              scaled to size 9.24713pt on input line 66.
LaTeX Font Info:    Font shape `C70/mc/m/n' will be
(Font)              scaled to size 9.24713pt on input line 66.
LaTeX Font Info:    Font shape `C70/mc/m/n' will be
(Font)              scaled to size 9.24713pt on input line 92.
LaTeX Font Info:    Font shape `C70/mc/m/n' will be
(Font)              scaled to size 9.24713pt on input line 93.
LaTeX Font Info:    Font shape `C70/mc/m/n' will be
(Font)              scaled to size 9.24713pt on input line 93.
LaTeX Font Info:    Font shape `C70/mc/m/n' will be
(Font)              scaled to size 9.24713pt on input line 93.
LaTeX Font Info:    Font shape `C70/mc/m/n' will be
(Font)              scaled to size 9.24713pt on input line 94.
LaTeX Font Info:    Font shape `C70/mc/m/n' will be
(Font)              scaled to size 9.24713pt on input line 95.


[2{/nix/store/vkz29frpxfha77bbq2mb60k3ylir3f72-texlive-2024-env-texmfdist/fonts
/enc/dvips/ipaex-type1/ipxt1-u60.enc}{/nix/store/vkz29frpxfha77bbq2mb60k3ylir3f
72-texlive-2024-env-texmfdist/fonts/enc/dvips/ipaex-type1/ipxt1-u5e.enc}{/nix/s
tore/vkz29frpxfha77bbq2mb60k3ylir3f72-texlive-2024-env-texmfdist/fonts/enc/dvip
s/ipaex-type1/ipxt1-u77.enc}{/nix/store/vkz29frpxfha77bbq2mb60k3ylir3f72-texliv
e-2024-env-texmfdist/fonts/enc/dvips/ipaex-type1/ipxt1-u74.enc}{/nix/store/vkz2
9frpxfha77bbq2mb60k3ylir3f72-texlive-2024-env-texmfdist/fonts/enc/dvips/ipaex-t
ype1/ipxt1-u7b.enc}{/nix/store/vkz29frpxfha77bbq2mb60k3ylir3f72-texlive-2024-en
v-texmfdist/fonts/enc/dvips/ipaex-type1/ipxt1-u8b.enc}{/nix/store/vkz29frpxfha7
7bbq2mb60k3ylir3f72-texlive-2024-env-texmfdist/fonts/enc/dvips/ipaex-type1/ipxt
1-u90.enc}{/nix/store/vkz29frpxfha77bbq2mb60k3ylir3f72-texlive-2024-env-texmfdi
st/fonts/enc/dvips/ipaex-type1/ipxt1-u6c.enc}{/nix/store/vkz29frpxfha77bbq2mb60
k3ylir3f72-texlive-2024-env-texmfdist/fonts/enc/dvips/ipaex-type1/ipxt1-u88.enc
}{/nix/store/vkz29frpxfha77bbq2mb60k3ylir3f72-texlive-2024-env-texmfdist/fonts/
enc/dvips/ipaex-type1/ipxt1-u71.enc}{/nix/store/vkz29frpxfha77bbq2mb60k3ylir3f7
2-texlive-2024-env-texmfdist/fonts/enc/dvips/ipaex-type1/ipxt1-u75.enc}{/nix/st
ore/vkz29frpxfha77bbq2mb60k3ylir3f72-texlive-2024-env-texmfdist/fonts/enc/dvips
/ipaex-type1/ipxt1-u6d.enc}{/nix/store/vkz29frpxfha77bbq2mb60k3ylir3f72-texlive
-2024-env-texmfdist/fonts/enc/dvips/ipaex-type1/ipxt1-u8d.enc}] <xymatrix 7x9
2230>

[3]

[4] (./main.aux)
 ***********
LaTeX2e <2024-11-01> patch level 2
L3 programming layer <2025-01-18>
 ***********
 ) 
Here is how much of TeX's memory you used:
 10591 strings out of 473203
 156183 string characters out of 5692202
 653969 words of memory out of 5000000
 33516 multiletter control sequences out of 15000+600000
 577953 words of font info for 114 fonts, out of 8000000 for 9000
 1146 hyphenation exceptions out of 8191
 87i,13n,86p,3237b,491s stack positions out of 10000i,1000n,20000p,200000b,200000s
</nix/store/vkz29frpxfha77bbq2mb60k3ylir3f72-texlive-2024-env-texmfdist/fonts
/type1/public/amsfonts/cm/cmex10.pfb></nix/store/vkz29frpxfha77bbq2mb60k3ylir3f
72-texlive-2024-env-texmfdist/fonts/type1/public/amsfonts/cm/cmmi10.pfb></nix/s
tore/vkz29frpxfha77bbq2mb60k3ylir3f72-texlive-2024-env-texmfdist/fonts/type1/pu
blic/amsfonts/cm/cmmi7.pfb></nix/store/vkz29frpxfha77bbq2mb60k3ylir3f72-texlive
-2024-env-texmfdist/fonts/type1/public/amsfonts/cm/cmr10.pfb></nix/store/vkz29f
rpxfha77bbq2mb60k3ylir3f72-texlive-2024-env-texmfdist/fonts/type1/public/amsfon
ts/cm/cmr5.pfb></nix/store/vkz29frpxfha77bbq2mb60k3ylir3f72-texlive-2024-env-te
xmfdist/fonts/type1/public/amsfonts/cm/cmr7.pfb></nix/store/vkz29frpxfha77bbq2m
b60k3ylir3f72-texlive-2024-env-texmfdist/fonts/type1/public/amsfonts/cm/cmss12.
pfb></nix/store/vkz29frpxfha77bbq2mb60k3ylir3f72-texlive-2024-env-texmfdist/fon
ts/type1/public/amsfonts/cm/cmsy10.pfb></nix/store/vkz29frpxfha77bbq2mb60k3ylir
3f72-texlive-2024-env-texmfdist/fonts/type1/public/amsfonts/cm/cmsy7.pfb></nix/
store/vkz29frpxfha77bbq2mb60k3ylir3f72-texlive-2024-env-texmfdist/fonts/type1/p
ublic/amsfonts/cm/cmtt10.pfb></nix/store/vkz29frpxfha77bbq2mb60k3ylir3f72-texli
ve-2024-env-texmfdist/fonts/type1/public/ipaex-type1/ipxg-r-u55.pfb></nix/store
/vkz29frpxfha77bbq2mb60k3ylir3f72-texlive-2024-env-texmfdist/fonts/type1/public
/ipaex-type1/ipxg-r-u98.pfb></nix/store/vkz29frpxfha77bbq2mb60k3ylir3f72-texliv
e-2024-env-texmfdist/fonts/type1/public/ipaex-type1/ipxm-r-u30.pfb></nix/store/
vkz29frpxfha77bbq2mb60k3ylir3f72-texlive-2024-env-texmfdist/fonts/type1/public/
ipaex-type1/ipxm-r-u4e.pfb></nix/store/vkz29frpxfha77bbq2mb60k3ylir3f72-texlive
-2024-env-texmfdist/fonts/type1/public/ipaex-type1/ipxm-r-u4f.pfb></nix/store/v
kz29frpxfha77bbq2mb60k3ylir3f72-texlive-2024-env-texmfdist/fonts/type1/public/i
paex-type1/ipxm-r-u50.pfb></nix/store/vkz29frpxfha77bbq2mb60k3ylir3f72-texlive-
2024-env-texmfdist/fonts/type1/public/ipaex-type1/ipxm-r-u51.pfb></nix/store/vk
z29frpxfha77bbq2mb60k3ylir3f72-texlive-2024-env-texmfdist/fonts/type1/public/ip
aex-type1/ipxm-r-u52.pfb></nix/store/vkz29frpxfha77bbq2mb60k3ylir3f72-texlive-2
024-env-texmfdist/fonts/type1/public/ipaex-type1/ipxm-r-u53.pfb></nix/store/vkz
29frpxfha77bbq2mb60k3ylir3f72-texlive-2024-env-texmfdist/fonts/type1/public/ipa
ex-type1/ipxm-r-u54.pfb></nix/store/vkz29frpxfha77bbq2mb60k3ylir3f72-texlive-20
24-env-texmfdist/fonts/type1/public/ipaex-type1/ipxm-r-u56.pfb></nix/store/vkz2
9frpxfha77bbq2mb60k3ylir3f72-texlive-2024-env-texmfdist/fonts/type1/public/ipae
x-type1/ipxm-r-u57.pfb></nix/store/vkz29frpxfha77bbq2mb60k3ylir3f72-texlive-202
4-env-texmfdist/fonts/type1/public/ipaex-type1/ipxm-r-u59.pfb></nix/store/vkz29
frpxfha77bbq2mb60k3ylir3f72-texlive-2024-env-texmfdist/fonts/type1/public/ipaex
-type1/ipxm-r-u5b.pfb></nix/store/vkz29frpxfha77bbq2mb60k3ylir3f72-texlive-2024
-env-texmfdist/fonts/type1/public/ipaex-type1/ipxm-r-u5c.pfb></nix/store/vkz29f
rpxfha77bbq2mb60k3ylir3f72-texlive-2024-env-texmfdist/fonts/type1/public/ipaex-
type1/ipxm-r-u5e.pfb></nix/store/vkz29frpxfha77bbq2mb60k3ylir3f72-texlive-2024-
env-texmfdist/fonts/type1/public/ipaex-type1/ipxm-r-u5f.pfb></nix/store/vkz29fr
pxfha77bbq2mb60k3ylir3f72-texlive-2024-env-texmfdist/fonts/type1/public/ipaex-t
ype1/ipxm-r-u60.pfb></nix/store/vkz29frpxfha77bbq2mb60k3ylir3f72-texlive-2024-e
nv-texmfdist/fonts/type1/public/ipaex-type1/ipxm-r-u61.pfb></nix/store/vkz29frp
xfha77bbq2mb60k3ylir3f72-texlive-2024-env-texmfdist/fonts/type1/public/ipaex-ty
pe1/ipxm-r-u62.pfb></nix/store/vkz29frpxfha77bbq2mb60k3ylir3f72-texlive-2024-en
v-texmfdist/fonts/type1/public/ipaex-type1/ipxm-r-u63.pfb></nix/store/vkz29frpx
fha77bbq2mb60k3ylir3f72-texlive-2024-env-texmfdist/fonts/type1/public/ipaex-typ
e1/ipxm-r-u64.pfb></nix/store/vkz29frpxfha77bbq2mb60k3ylir3f72-texlive-2024-env
-texmfdist/fonts/type1/public/ipaex-type1/ipxm-r-u65.pfb></nix/store/vkz29frpxf
ha77bbq2mb60k3ylir3f72-texlive-2024-env-texmfdist/fonts/type1/public/ipaex-type
1/ipxm-r-u66.pfb></nix/store/vkz29frpxfha77bbq2mb60k3ylir3f72-texlive-2024-env-
texmfdist/fonts/type1/public/ipaex-type1/ipxm-r-u67.pfb></nix/store/vkz29frpxfh
a77bbq2mb60k3ylir3f72-texlive-2024-env-texmfdist/fonts/type1/public/ipaex-type1
/ipxm-r-u6b.pfb></nix/store/vkz29frpxfha77bbq2mb60k3ylir3f72-texlive-2024-env-t
exmfdist/fonts/type1/public/ipaex-type1/ipxm-r-u6c.pfb></nix/store/vkz29frpxfha
77bbq2mb60k3ylir3f72-texlive-2024-env-texmfdist/fonts/type1/public/ipaex-type1/
ipxm-r-u6d.pfb></nix/store/vkz29frpxfha77bbq2mb60k3ylir3f72-texlive-2024-env-te
xmfdist/fonts/type1/public/ipaex-type1/ipxm-r-u6e.pfb></nix/store/vkz29frpxfha7
7bbq2mb60k3ylir3f72-texlive-2024-env-texmfdist/fonts/type1/public/ipaex-type1/i
pxm-r-u6f.pfb></nix/store/vkz29frpxfha77bbq2mb60k3ylir3f72-texlive-2024-env-tex
mfdist/fonts/type1/public/ipaex-type1/ipxm-r-u70.pfb></nix/store/vkz29frpxfha77
bbq2mb60k3ylir3f72-texlive-2024-env-texmfdist/fonts/type1/public/ipaex-type1/ip
xm-r-u71.pfb></nix/store/vkz29frpxfha77bbq2mb60k3ylir3f72-texlive-2024-env-texm
fdist/fonts/type1/public/ipaex-type1/ipxm-r-u72.pfb></nix/store/vkz29frpxfha77b
bq2mb60k3ylir3f72-texlive-2024-env-texmfdist/fonts/type1/public/ipaex-type1/ipx
m-r-u73.pfb></nix/store/vkz29frpxfha77bbq2mb60k3ylir3f72-texlive-2024-env-texmf
dist/fonts/type1/public/ipaex-type1/ipxm-r-u74.pfb></nix/store/vkz29frpxfha77bb
q2mb60k3ylir3f72-texlive-2024-env-texmfdist/fonts/type1/public/ipaex-type1/ipxm
-r-u75.pfb></nix/store/vkz29frpxfha77bbq2mb60k3ylir3f72-texlive-2024-env-texmfd
ist/fonts/type1/public/ipaex-type1/ipxm-r-u76.pfb></nix/store/vkz29frpxfha77bbq
2mb60k3ylir3f72-texlive-2024-env-texmfdist/fonts/type1/public/ipaex-type1/ipxm-
r-u77.pfb></nix/store/vkz29frpxfha77bbq2mb60k3ylir3f72-texlive-2024-env-texmfdi
st/fonts/type1/public/ipaex-type1/ipxm-r-u7a.pfb></nix/store/vkz29frpxfha77bbq2
mb60k3ylir3f72-texlive-2024-env-texmfdist/fonts/type1/public/ipaex-type1/ipxm-r
-u7b.pfb></nix/store/vkz29frpxfha77bbq2mb60k3ylir3f72-texlive-2024-env-texmfdis
t/fonts/type1/public/ipaex-type1/ipxm-r-u7c.pfb></nix/store/vkz29frpxfha77bbq2m
b60k3ylir3f72-texlive-2024-env-texmfdist/fonts/type1/public/ipaex-type1/ipxm-r-
u7d.pfb></nix/store/vkz29frpxfha77bbq2mb60k3ylir3f72-texlive-2024-env-texmfdist
/fonts/type1/public/ipaex-type1/ipxm-r-u7e.pfb></nix/store/vkz29frpxfha77bbq2mb
60k3ylir3f72-texlive-2024-env-texmfdist/fonts/type1/public/ipaex-type1/ipxm-r-u
80.pfb></nix/store/vkz29frpxfha77bbq2mb60k3ylir3f72-texlive-2024-env-texmfdist/
fonts/type1/public/ipaex-type1/ipxm-r-u88.pfb></nix/store/vkz29frpxfha77bbq2mb6
0k3ylir3f72-texlive-2024-env-texmfdist/fonts/type1/public/ipaex-type1/ipxm-r-u8
9.pfb></nix/store/vkz29frpxfha77bbq2mb60k3ylir3f72-texlive-2024-env-texmfdist/f
onts/type1/public/ipaex-type1/ipxm-r-u8a.pfb></nix/store/vkz29frpxfha77bbq2mb60
k3ylir3f72-texlive-2024-env-texmfdist/fonts/type1/public/ipaex-type1/ipxm-r-u8b
.pfb></nix/store/vkz29frpxfha77bbq2mb60k3ylir3f72-texlive-2024-env-texmfdist/fo
nts/type1/public/ipaex-type1/ipxm-r-u8d.pfb></nix/store/vkz29frpxfha77bbq2mb60k
3ylir3f72-texlive-2024-env-texmfdist/fonts/type1/public/ipaex-type1/ipxm-r-u8e.
pfb></nix/store/vkz29frpxfha77bbq2mb60k3ylir3f72-texlive-2024-env-texmfdist/fon
ts/type1/public/ipaex-type1/ipxm-r-u8f.pfb></nix/store/vkz29frpxfha77bbq2mb60k3
ylir3f72-texlive-2024-env-texmfdist/fonts/type1/public/ipaex-type1/ipxm-r-u90.p
fb></nix/store/vkz29frpxfha77bbq2mb60k3ylir3f72-texlive-2024-env-texmfdist/font
s/type1/public/ipaex-type1/ipxm-r-u95.pfb></nix/store/vkz29frpxfha77bbq2mb60k3y
lir3f72-texlive-2024-env-texmfdist/fonts/type1/public/ipaex-type1/ipxm-r-u96.pf
b></nix/store/vkz29frpxfha77bbq2mb60k3ylir3f72-texlive-2024-env-texmfdist/fonts
/type1/public/ipaex-type1/ipxm-r-u97.pfb></nix/store/vkz29frpxfha77bbq2mb60k3yl
ir3f72-texlive-2024-env-texmfdist/fonts/type1/public/ipaex-type1/ipxm-r-uff.pfb
></nix/store/vkz29frpxfha77bbq2mb60k3ylir3f72-texlive-2024-env-texmfdist/fonts/
type1/public/amsfonts/symbols/msbm10.pfb>
Output written on main.pdf (4 pages, 488035 bytes).
PDF statistics:
 466 PDF objects out of 1000 (max. 8388607)
 267 compressed objects within 3 object streams
 0 named destinations out of 1000 (max. 500000)
 225 words of extra memory for PDF output out of 10000 (max. 10000000)

